New window size: 1920x1000
Font size: 8x12
Resizing grid to 240x83
Resizing font to 8x12

Resetting textures
New window size: 1920x1000
Font size: 8x12
Resizing grid to 240x83
Resizing font to 8x12

Resetting textures
Resetting textures
Resetting textures
Resetting textures
Resetting textures
Resetting textures
Resetting textures
Resetting textures
Resizing font to 8x12
Saving bindings to prefs/interface.txt
Resizing font to 8x12
Resizing font to 8x12
Saving bindings to prefs/interface.txt
Resizing font to 8x12
Resizing font to 8x12
Saving bindings to prefs/interface.txt
Resizing font to 8x12
Resizing font to 8x12
Resizing font to 8x12
Saving bindings to prefs/interface.txt
Resizing font to 8x12
Saving bindings to prefs/interface.txt
Resizing font to 8x12
New window size: 912x1041
Font size: 8x12
Resizing grid to 114x86
Resizing font to 8x12

New window size: 912x1041
Font size: 8x12
Resizing grid to 114x86
Resizing font to 8x12

New window size: 1916x1041
Font size: 8x12
Resizing grid to 239x86
Resizing font to 8x12

Saving bindings to prefs/interface.txt
Resizing font to 8x12
Saving bindings to prefs/interface.txt
Resizing font to 8x12
Saving bindings to prefs/interface.txt
Resizing font to 8x12
Saving bindings to prefs/interface.txt
Resizing font to 8x12
Saving bindings to prefs/interface.txt
Resizing font to 8x12
Saving bindings to prefs/interface.txt
Resizing font to 8x12
Loading bindings from data/init/interface.txt
Loading bindings from data/init/interface.txt
Loading bindings from data/init/interface.txt
Saving bindings to prefs/interface.txt
Resizing font to 8x12
Saving bindings to prefs/interface.txt
Resizing font to 8x12
